[19:01:12] [ServerMain/INFO]: [bootstrap] Running Java 21 (OpenJDK 64-Bit Server VM 21.0.5+11-LTS; Microsoft Microsoft-10376803) on Linux 6.5.0-1025-azure (amd64)
[19:01:12] [ServerMain/INFO]: [bootstrap] Loading Paper 1.21.3-82-ver/1.21.3@5a60ffb (2024-12-23T19:10:30Z) for Minecraft 1.21.3
[19:01:12] [ServerMain/INFO]: [PluginInitializerManager] Initializing plugins...
[19:01:14] [ServerMain/INFO]: [PluginInitializerManager] Initialized 5 plugins
[19:01:14] [ServerMain/INFO]: [PluginInitializerManager] Bukkit plugins (5):
 - Geyser-Spigot (2.6.0-SNAPSHOT), ViaBackwards (5.2.1), ViaRewind (4.0.5), ViaVersion (5.2.2-SNAPSHOT), floodgate (2.2.3-SNAPSHOT (b114-83fbd6e))
[19:01:21] [ServerMain/INFO]: Environment: Environment[sessionHost=https://sessionserver.mojang.com, servicesHost=https://api.minecraftservices.com, name=PROD]
[19:01:24] [ServerMain/INFO]: Loaded 1337 recipes
[19:01:24] [ServerMain/INFO]: Loaded 1448 advancements
[19:01:24] [Server thread/INFO]: Starting minecraft server version 1.21.3
[19:01:24] [Server thread/INFO]: Loading properties
[19:01:24] [Server thread/INFO]: This server is running Paper version 1.21.3-82-ver/1.21.3@5a60ffb (2024-12-23T19:10:30Z) (Implementing API version 1.21.3-R0.1-SNAPSHOT)
[19:01:25] [Server thread/INFO]: [spark] This server bundles the spark profiler. For more information please visit https://docs.papermc.io/paper/profiling
[19:01:25] [Server thread/INFO]: Server Ping Player Sample Count: 12
[19:01:25] [Server thread/INFO]: Using 4 threads for Netty based IO
[19:01:27] [Server thread/INFO]: [MoonriseCommon] Paper is using 1 worker threads, 1 I/O threads
[19:01:27] [Server thread/INFO]: [ChunkTaskScheduler] Chunk system is using population gen parallelism: true
[19:01:28] [Server thread/INFO]: Default game type: SURVIVAL
[19:01:28] [Server thread/INFO]: Generating keypair
[19:01:28] [Server thread/INFO]: Starting Minecraft server on *:25565
[19:01:28] [Server thread/INFO]: Using epoll channel type
[19:01:28] [Server thread/INFO]: Paper: Using libdeflate (Linux x86_64) compression from Velocity.
[19:01:28] [Server thread/INFO]: Paper: Using OpenSSL 1.1.x (Linux x86_64) cipher from Velocity.
[19:01:29] [Server thread/INFO]: [ViaVersion] Loading server plugin ViaVersion v5.2.2-SNAPSHOT
[19:01:29] [Server thread/INFO]: [ViaVersion] ViaVersion 5.2.2-SNAPSHOT is now loaded. Registering protocol transformers and injecting...
[19:01:30] [Via-Mappingloader-0/INFO]: [ViaVersion] Loading block connection mappings ...
[19:01:31] [Via-Mappingloader-0/INFO]: [ViaVersion] Using FastUtil Long2ObjectOpenHashMap for block connections
[19:01:31] [Server thread/INFO]: [ViaBackwards] Loading translations...
[19:01:31] [Server thread/INFO]: [ViaBackwards] Registering protocols...
[19:01:31] [Server thread/ERROR]: [ViaVersion] Error initializing plugin 'ViaVersion-5.2.2-SNAPSHOT.jar' in folder 'plugins' (Is it up to date?)
java.lang.NoSuchMethodError: 'com.viaversion.viaversion.api.minecraft.entities.EntityTypes1_11$ObjectType com.viaversion.viaversion.api.minecraft.entities.EntityTypes1_11$ObjectType.findById(int)'
	at ViaBackwards-5.2.1.jar/com.viaversion.viabackwards.protocol.v1_10to1_9_3.rewriter.EntityPacketRewriter1_10$1.register(EntityPacketRewriter1_10.java:59) ~[ViaBackwards-5.2.1.jar:?]
	at ViaVersion-5.2.2-SNAPSHOT.jar/com.viaversion.viaversion.api.protocol.remapper.PacketHandlers.<init>(PacketHandlers.java:38) ~[ViaVersion-5.2.2-SNAPSHOT.jar:?]
	at ViaBackwards-5.2.1.jar/com.viaversion.viabackwards.protocol.v1_10to1_9_3.rewriter.EntityPacketRewriter1_10$1.<init>(EntityPacketRewriter1_10.java:44) ~[ViaBackwards-5.2.1.jar:?]
	at ViaBackwards-5.2.1.jar/com.viaversion.viabackwards.protocol.v1_10to1_9_3.rewriter.EntityPacketRewriter1_10.registerPackets(EntityPacketRewriter1_10.java:44) ~[ViaBackwards-5.2.1.jar:?]
	at ViaVersion-5.2.2-SNAPSHOT.jar/com.viaversion.viaversion.api.rewriter.RewriterBase.register(RewriterBase.java:36) ~[ViaVersion-5.2.2-SNAPSHOT.jar:?]
	at ViaBackwards-5.2.1.jar/com.viaversion.viabackwards.protocol.v1_10to1_9_3.Protocol1_10To1_9_3.registerPackets(Protocol1_10To1_9_3.java:56) ~[ViaBackwards-5.2.1.jar:?]
	at ViaVersion-5.2.2-SNAPSHOT.jar/com.viaversion.viaversion.api.protocol.AbstractProtocol.initialize(AbstractProtocol.java:106) ~[ViaVersion-5.2.2-SNAPSHOT.jar:?]
	at ViaVersion-5.2.2-SNAPSHOT.jar/com.viaversion.viaversion.protocol.ProtocolManagerImpl.registerProtocol(ProtocolManagerImpl.java:209) ~[ViaVersion-5.2.2-SNAPSHOT.jar:?]
	at ViaVersion-5.2.2-SNAPSHOT.jar/com.viaversion.viaversion.protocol.ProtocolManagerImpl.registerProtocol(ProtocolManagerImpl.java:203) ~[ViaVersion-5.2.2-SNAPSHOT.jar:?]
	at ViaBackwards-5.2.1.jar/com.viaversion.viabackwards.api.ViaBackwardsPlatform.init(ViaBackwardsPlatform.java:101) ~[ViaBackwards-5.2.1.jar:?]
	at ViaBackwards-5.2.1.jar/com.viaversion.viabackwards.BukkitPlugin.lambda$new$0(BukkitPlugin.java:38) ~[ViaBackwards-5.2.1.jar:?]
	at ViaVersion-5.2.2-SNAPSHOT.jar/com.viaversion.viaversion.ViaManagerImpl.init(ViaManagerImpl.java:115) ~[ViaVersion-5.2.2-SNAPSHOT.jar:?]
	at ViaVersion-5.2.2-SNAPSHOT.jar/com.viaversion.viaversion.ViaVersionPlugin.onLoad(ViaVersionPlugin.java:88) ~[ViaVersion-5.2.2-SNAPSHOT.jar:?]
	at io.papermc.paper.plugin.storage.ServerPluginProviderStorage.processProvided(ServerPluginProviderStorage.java:59) ~[paper-1.21.3.jar:1.21.3-82-5a60ffb]
	at io.papermc.paper.plugin.storage.ServerPluginProviderStorage.processProvided(ServerPluginProviderStorage.java:18) ~[paper-1.21.3.jar:1.21.3-82-5a60ffb]
	at io.papermc.paper.plugin.storage.SimpleProviderStorage.enter(SimpleProviderStorage.java:39) ~[paper-1.21.3.jar:1.21.3-82-5a60ffb]
	at io.papermc.paper.plugin.entrypoint.LaunchEntryPointHandler.enter(LaunchEntryPointHandler.java:40) ~[paper-1.21.3.jar:1.21.3-82-5a60ffb]
	at org.bukkit.craftbukkit.CraftServer.loadPlugins(CraftServer.java:561) ~[paper-1.21.3.jar:1.21.3-82-5a60ffb]
	at net.minecraft.server.dedicated.DedicatedServer.initServer(DedicatedServer.java:289) ~[paper-1.21.3.jar:1.21.3-82-5a60ffb]
	at net.minecraft.server.MinecraftServer.runServer(MinecraftServer.java:1235) ~[paper-1.21.3.jar:1.21.3-82-5a60ffb]
	at net.minecraft.server.MinecraftServer.lambda$spin$0(MinecraftServer.java:340) ~[paper-1.21.3.jar:1.21.3-82-5a60ffb]
	at java.base/java.lang.Thread.run(Thread.java:1583) ~[?:?]
[19:01:31] [Server thread/INFO]: [floodgate] Loading server plugin floodgate v2.2.3-SNAPSHOT (b114-83fbd6e)
[19:01:33] [Server thread/INFO]: [floodgate] Took 1,461ms to boot Floodgate
[19:01:33] [Server thread/INFO]: [ViaBackwards] Loading server plugin ViaBackwards v5.2.1
[19:01:33] [Server thread/INFO]: [Geyser-Spigot] Loading server plugin Geyser-Spigot v2.6.0-SNAPSHOT
[19:01:34] [Server thread/INFO]: [Geyser-Spigot] Loading extensions...
[19:01:34] [Server thread/INFO]: [Geyser-Spigot] Loaded 0 extension(s)
[19:01:34] [Server thread/INFO]: [ViaRewind] Loading server plugin ViaRewind v4.0.5
[19:01:34] [Server thread/INFO]: Server permissions file permissions.yml is empty, ignoring it
[19:01:34] [Server thread/INFO]: [ViaRewind] Enabling ViaRewind v4.0.5
[19:01:34] [Server thread/WARN]: **** SERVER IS RUNNING IN OFFLINE/INSECURE MODE!
[19:01:34] [Server thread/WARN]: The server will make no attempt to authenticate usernames. Beware.
[19:01:34] [Server thread/WARN]: While this makes the game possible to play without internet access, it also opens up the ability for hackers to connect with any username they choose.
[19:01:34] [Server thread/WARN]: To change this, set "online-mode" to "true" in the server.properties file.
[19:01:34] [Server thread/INFO]: Preparing level "world"
[19:01:35] [Server thread/INFO]: Preparing start region for dimension minecraft:overworld
[19:01:35] [Server thread/INFO]: Preparing spawn area: 0%
[19:01:35] [Server thread/INFO]: Preparing spawn area: 0%
[19:01:36] [Server thread/INFO]: Preparing spawn area: 2%
[19:01:36] [Server thread/INFO]: Preparing spawn area: 61%
[19:01:36] [Server thread/INFO]: Time elapsed: 1581 ms
[19:01:36] [Server thread/INFO]: Preparing start region for dimension minecraft:the_nether
[19:01:36] [Server thread/INFO]: Preparing spawn area: 0%
[19:01:37] [Paper Common Worker #0/INFO]: [MCTypeRegistry] Initialising converters for DataConverter...
[19:01:37] [Paper Common Worker #0/INFO]: [MCTypeRegistry] Finished initialising converters for DataConverter in 695.3ms
[19:01:37] [Server thread/INFO]: Preparing spawn area: 10%
[19:01:37] [Server thread/INFO]: Preparing spawn area: 10%
[19:01:38] [Server thread/INFO]: Preparing spawn area: 73%
[19:01:38] [Server thread/INFO]: Time elapsed: 1994 ms
[19:01:38] [Server thread/INFO]: Preparing start region for dimension minecraft:the_end
[19:01:38] [Server thread/INFO]: Preparing spawn area: 0%
[19:01:39] [Server thread/INFO]: Time elapsed: 237 ms
[19:01:39] [Server thread/INFO]: [ViaVersion] Enabling ViaVersion v5.2.2-SNAPSHOT
[19:01:39] [Server thread/INFO]: [ViaVersion] ViaVersion detected server version: 1.21.2-1.21.3 (768)
[19:01:39] [Server thread/INFO]: [floodgate] Enabling floodgate v2.2.3-SNAPSHOT (b114-83fbd6e)
[19:01:40] [Server thread/INFO]: [ViaBackwards] Enabling ViaBackwards v5.2.1
[19:01:40] [Server thread/INFO]: [Geyser-Spigot] Enabling Geyser-Spigot v2.6.0-SNAPSHOT
[19:01:41] [Server thread/INFO]: [spark] Starting background profiler...
[19:01:41] [Server thread/INFO]: [Geyser-Spigot] ******************************************
[19:01:41] [Server thread/INFO]: [Geyser-Spigot] 
[19:01:41] [Server thread/INFO]: [Geyser-Spigot] Loading Geyser version 2.6.0-b750 (git-master-98f9bf6)
[19:01:41] [Server thread/INFO]: [Geyser-Spigot] 
[19:01:41] [Server thread/INFO]: [Geyser-Spigot] ******************************************
[19:01:50] [epollEventLoopGroup-3-1/INFO]: [Geyser-Spigot] Started Geyser on UDP port 19132
[19:01:51] [Server thread/INFO]: [Geyser-Spigot] Done (9.273s)! Run /geyser help for help!
[19:01:51] [Server thread/INFO]: Done preparing level "world" (17.118s)
[19:01:51] [Server thread/INFO]: Running delayed init tasks
[19:01:51] [Server thread/INFO]: Done (40.452s)! For help, type "help"
[19:01:51] [Craft Scheduler Thread - 2 - ViaVersion/INFO]: [ViaVersion] Finished mapping loading, shutting down loader executor.
[19:01:51] [Server thread/INFO]: [ViaVersion] You are running a development version of the plugin, please report any bugs to GitHub.
[19:03:24] [epollEventLoopGroup-4-1/INFO]: [Geyser-Spigot] Player connected with username AlejandroMR2701
[19:03:24] [localSession-7-2/INFO]: [Geyser-Spigot] AlejandroMR2701 (logged in as: AlejandroMR2701) has connected to the Java server
[19:03:25] [Server thread/INFO]: [floodgate] Floodgate player logged in as .AlejandroMR2701 joined (UUID: 00000000-0000-0000-0009-01f610d5a8e5)
[19:03:26] [Server thread/INFO]: .AlejandroMR2701 joined the game
[19:03:26] [Server thread/INFO]: .AlejandroMR2701[/127.0.0.1:0] logged in with entity id 13 at ([world]10.416457, 63.0, -8.050688)
[19:03:31] [Server thread/WARN]: Can't keep up! Is the server overloaded? Running 2545ms or 50 ticks behind
[19:03:52] [User Authenticator #0/INFO]: UUID of player alejandromkol is 4a49ad52-5c3b-37ef-a437-f518b06e4a02
[19:03:54] [Server thread/INFO]: alejandromkol joined the game
[19:03:54] [Server thread/INFO]: alejandromkol[/127.99.55.11:37179] logged in with entity id 240 at ([world]-441.8860647900444, 4.0, 1779.7178456265738)
[19:04:01] [epollEventLoopGroup-4-2/INFO]: [Geyser-Spigot] Player connected with username El pepe20k
[19:04:01] [localSession-7-3/INFO]: [Geyser-Spigot] El pepe20k (logged in as: El_pepe20k) has connected to the Java server
[19:04:01] [Server thread/INFO]: [floodgate] Floodgate player logged in as .El_pepe20k joined (UUID: 00000000-0000-0000-0009-01fe218cbbad)
[19:04:02] [Server thread/INFO]: .El_pepe20k joined the game
[19:04:02] [Server thread/INFO]: .El_pepe20k[/127.0.0.1:0] logged in with entity id 556 at ([world]-442.68225, 4.0, 1780.7375)
[19:04:05] [Geyser Spigot connection thread-6-3/INFO]: [floodgate] Floodgate player logged in as .AlejandroMR2701 disconnected
[19:04:05] [localSession-7-2/INFO]: [Geyser-Spigot] AlejandroMR2701 has disconnected from the Java server because of Bedrock client disconnected
[19:04:05] [Server thread/INFO]: .AlejandroMR2701 lost connection: Disconnected
[19:04:05] [Server thread/INFO]: .AlejandroMR2701 left the game
[19:04:20] [Server thread/INFO]: Seed: [1162814725898594474]
[19:20:53] [Server thread/INFO]: alejandromkol lost connection: Disconnected
[19:20:53] [Server thread/INFO]: alejandromkol left the game
[19:21:04] [User Authenticator #1/INFO]: UUID of player alejandromkol is 4a49ad52-5c3b-37ef-a437-f518b06e4a02
[19:21:05] [Server thread/INFO]: alejandromkol joined the game
[19:21:05] [Server thread/INFO]: alejandromkol[/127.99.55.11:36965] logged in with entity id 7669 at ([world]-1815.1057756982716, 109.0, 2564.9954027044764)
[19:48:00] [Server thread/INFO]: .El_pepe20k has made the advancement [The Parrots and the Bats]
[19:50:29] [Server thread/INFO]: alejandromkol has made the advancement [The Parrots and the Bats]
[19:57:47] [Server thread/WARN]: .El_pepe20k moved wrongly!
[19:57:48] [Server thread/WARN]: .El_pepe20k moved wrongly!
[20:20:50] [Server thread/INFO]: Villager Villager['Villager'/17382, uuid='c613cbac-51f6-4309-96d7-8b58fc24fff4', l='ServerLevel[world]', x=-3571.64, y=66.00, z=2966.73, cpos=[-224, 185], tl=50979, v=true] died, message: 'Villager was slain by .El_pepe20k'
[20:27:32] [Server thread/INFO]: Villager Villager['Fletcher'/18878, uuid='165b5e41-f496-4b15-9985-1380e0514bc9', l='ServerLevel[world]', x=-3562.17, y=66.02, z=3001.81, cpos=[-223, 187], tl=58884, v=true] died, message: 'Fletcher was slain by .El_pepe20k'
[20:29:03] [Server thread/INFO]: Villager Villager['Villager'/18874, uuid='c85be978-34a5-464f-a819-2ec42f53bbe9', l='ServerLevel[world]', x=-3558.47, y=63.05, z=3021.53, cpos=[-223, 188], tl=60690, v=true] died, message: 'Villager drowned'
[20:37:00] [Server thread/INFO]: .El_pepe20k has made the advancement [A Seedy Place]
[20:45:53] [Server thread/WARN]: .El_pepe20k moved wrongly!
[20:51:23] [Server thread/INFO]: alejandromkol lost connection: Disconnected
[20:51:23] [Server thread/INFO]: alejandromkol left the game
[20:53:35] [localSession-7-3/INFO]: [Geyser-Spigot] El pepe20k has disconnected from the Java server because of Bedrock client disconnected
[20:53:35] [Geyser Spigot connection thread-6-4/INFO]: [floodgate] Floodgate player logged in as .El_pepe20k disconnected
[20:53:35] [Server thread/INFO]: .El_pepe20k lost connection: Disconnected
[20:53:35] [Server thread/INFO]: .El_pepe20k left the game
[20:56:11] [Server thread/INFO]: Stopping server
[20:56:11] [Server thread/INFO]: [ViaRewind] Disabling ViaRewind v4.0.5
[20:56:11] [Server thread/INFO]: [Geyser-Spigot] Disabling Geyser-Spigot v2.6.0-SNAPSHOT
[20:56:11] [Server thread/INFO]: [Geyser-Spigot] Shutting down Geyser.
[20:56:11] [Server thread/INFO]: [Geyser-Spigot] Geyser shutdown successfully.
[20:56:11] [Server thread/INFO]: [ViaBackwards] Disabling ViaBackwards v5.2.1
[20:56:11] [Server thread/INFO]: [floodgate] Disabling floodgate v2.2.3-SNAPSHOT (b114-83fbd6e)
[20:56:11] [Server thread/INFO]: [ViaVersion] Disabling ViaVersion v5.2.2-SNAPSHOT
[20:56:11] [Server thread/INFO]: [ViaVersion] ViaVersion has been disabled; uninjected the platform and shut down the scheduler.
[20:56:11] [Server thread/INFO]: Saving players
[20:56:11] [WebSocketConnectReadThread-84/INFO]: [Geyser-Spigot] The skin uploader has been closed
[20:56:11] [Server thread/INFO]: Saving worlds
[20:56:11] [Server thread/INFO]: Saving chunks for level 'ServerLevel[world]'/minecraft:overworld
[20:56:11] [Server thread/INFO]: [ChunkHolderManager] Waiting 60s for chunk system to halt for world 'world'
[20:56:11] [Server thread/INFO]: [ChunkHolderManager] Halted chunk system for world 'world'
[20:56:12] [Server thread/INFO]: [ChunkHolderManager] Saving all chunkholders for world 'world'
[20:56:12] [Server thread/INFO]: [ChunkHolderManager] Saved 1 block chunks, 55 entity chunks, 1 poi chunks in world 'world' in 0.04s
[20:56:12] [Server thread/INFO]: [ChunkHolderManager] Waiting 60s for chunk I/O to halt for world 'world'
[20:56:12] [Server thread/INFO]: [ChunkHolderManager] Halted I/O scheduler for world 'world'
[20:56:12] [Server thread/INFO]: Saving chunks for level 'ServerLevel[world_nether]'/minecraft:the_nether
[20:56:12] [Server thread/INFO]: [ChunkHolderManager] Waiting 60s for chunk system to halt for world 'world_nether'
[20:56:12] [Server thread/INFO]: [ChunkHolderManager] Halted chunk system for world 'world_nether'
[20:56:12] [Server thread/INFO]: [ChunkHolderManager] Saving all chunkholders for world 'world_nether'
[20:56:12] [Server thread/INFO]: [ChunkHolderManager] Saved 0 block chunks, 1 entity chunks, 0 poi chunks in world 'world_nether' in 0.00s
[20:56:12] [Server thread/INFO]: [ChunkHolderManager] Waiting 60s for chunk I/O to halt for world 'world_nether'
[20:56:12] [Server thread/INFO]: [ChunkHolderManager] Halted I/O scheduler for world 'world_nether'
[20:56:12] [Server thread/INFO]: Saving chunks for level 'ServerLevel[world_the_end]'/minecraft:the_end
[20:56:12] [Server thread/INFO]: [ChunkHolderManager] Waiting 60s for chunk system to halt for world 'world_the_end'
[20:56:12] [Server thread/INFO]: [ChunkHolderManager] Halted chunk system for world 'world_the_end'
[20:56:12] [Server thread/INFO]: [ChunkHolderManager] Saving all chunkholders for world 'world_the_end'
[20:56:12] [Server thread/INFO]: [ChunkHolderManager] Saved 0 block chunks, 10 entity chunks, 0 poi chunks in world 'world_the_end' in 0.00s
[20:56:12] [Server thread/INFO]: [ChunkHolderManager] Waiting 60s for chunk I/O to halt for world 'world_the_end'
[20:56:12] [Server thread/INFO]: [ChunkHolderManager] Halted I/O scheduler for world 'world_the_end'
[20:56:12] [Server thread/INFO]: ThreadedAnvilChunkStorage (world): All chunks are saved
[20:56:12] [Server thread/INFO]: ThreadedAnvilChunkStorage (DIM-1): All chunks are saved
[20:56:12] [Server thread/INFO]: ThreadedAnvilChunkStorage (DIM1): All chunks are saved
[20:56:12] [Server thread/INFO]: ThreadedAnvilChunkStorage: All dimensions are saved
[20:56:12] [Server thread/INFO]: Waiting for I/O tasks to complete...
[20:56:12] [Server thread/INFO]: All I/O tasks to complete
[20:56:12] [Server thread/INFO]: [MoonriseCommon] Awaiting termination of worker pool for up to 60s...
[20:56:12] [Server thread/INFO]: [MoonriseCommon] Awaiting termination of I/O pool for up to 60s...
